  majorProcess.cpp
C:\Users\Zhao Yufeng\Documents\VSCode\C++\MPEforVS2019\MPE\MPE\functionDraw.h(233,21): warning C4018: “<”: 有符号/无符号不匹配
C:\Users\Zhao Yufeng\Documents\VSCode\C++\MPEforVS2019\MPE\MPE\functionDraw.h(249,20): warning C4018: “<”: 有符号/无符号不匹配
C:\Users\Zhao Yufeng\Documents\VSCode\C++\MPEforVS2019\MPE\MPE\functionDraw.h(251,21): warning C4018: “<”: 有符号/无符号不匹配
C:\Users\Zhao Yufeng\Documents\VSCode\C++\MPEforVS2019\MPE\MPE\functionDraw.h(255,21): warning C4018: “<”: 有符号/无符号不匹配
C:\Users\Zhao Yufeng\Documents\VSCode\C++\MPEforVS2019\MPE\MPE\functionDraw.h(266,20): warning C4018: “<”: 有符号/无符号不匹配
C:\Users\Zhao Yufeng\Documents\VSCode\C++\MPEforVS2019\MPE\MPE\functionDraw.h(267,21): warning C4018: “<”: 有符号/无符号不匹配
C:\Users\Zhao Yufeng\Documents\VSCode\C++\MPEforVS2019\MPE\MPE\functionDraw.h(289,21): warning C4018: “<”: 有符号/无符号不匹配
C:\Users\Zhao Yufeng\Documents\VSCode\C++\MPEforVS2019\MPE\MPE\functionDraw.h(479,92): warning C4244: “参数”: 从“double”转换到“int”，可能丢失数据
C:\Users\Zhao Yufeng\Documents\VSCode\C++\MPEforVS2019\MPE\MPE\functionDraw.h(479,75): warning C4244: “参数”: 从“double”转换到“int”，可能丢失数据
C:\Users\Zhao Yufeng\Documents\VSCode\C++\MPEforVS2019\MPE\MPE\functionDraw.h(479,48): warning C4244: “参数”: 从“double”转换到“int”，可能丢失数据
C:\Users\Zhao Yufeng\Documents\VSCode\C++\MPEforVS2019\MPE\MPE\functionDraw.h(479,31): warning C4244: “参数”: 从“double”转换到“int”，可能丢失数据
C:\Users\Zhao Yufeng\Documents\VSCode\C++\MPEforVS2019\MPE\MPE\functionDraw.h(482,41): warning C4244: “参数”: 从“double”转换到“int”，可能丢失数据
C:\Users\Zhao Yufeng\Documents\VSCode\C++\MPEforVS2019\MPE\MPE\functionDraw.h(485,90): warning C4244: “参数”: 从“double”转换到“int”，可能丢失数据
C:\Users\Zhao Yufeng\Documents\VSCode\C++\MPEforVS2019\MPE\MPE\functionDraw.h(485,62): warning C4244: “参数”: 从“double”转换到“int”，可能丢失数据
C:\Users\Zhao Yufeng\Documents\VSCode\C++\MPEforVS2019\MPE\MPE\functionDraw.h(485,45): warning C4244: “参数”: 从“double”转换到“int”，可能丢失数据
C:\Users\Zhao Yufeng\Documents\VSCode\C++\MPEforVS2019\MPE\MPE\functionDraw.h(485,17): warning C4244: “参数”: 从“double”转换到“int”，可能丢失数据
C:\Users\Zhao Yufeng\Documents\VSCode\C++\MPEforVS2019\MPE\MPE\functionDraw.h(488,60): warning C4244: “参数”: 从“double”转换到“int”，可能丢失数据
C:\Users\Zhao Yufeng\Documents\VSCode\C++\MPEforVS2019\MPE\MPE\functionDraw.h(492,15): warning C4244: “初始化”: 从“double”转换到“int”，可能丢失数据
C:\Users\Zhao Yufeng\Documents\VSCode\C++\MPEforVS2019\MPE\MPE\functionDraw.h(493,15): warning C4244: “初始化”: 从“double”转换到“int”，可能丢失数据
C:\Users\Zhao Yufeng\Documents\VSCode\C++\MPEforVS2019\MPE\MPE\functionDraw.h(496,138): warning C4244: “参数”: 从“double”转换到“int”，可能丢失数据
C:\Users\Zhao Yufeng\Documents\VSCode\C++\MPEforVS2019\MPE\MPE\functionDraw.h(496,121): warning C4244: “参数”: 从“double”转换到“int”，可能丢失数据
C:\Users\Zhao Yufeng\Documents\VSCode\C++\MPEforVS2019\MPE\MPE\functionDraw.h(496,71): warning C4244: “参数”: 从“double”转换到“int”，可能丢失数据
C:\Users\Zhao Yufeng\Documents\VSCode\C++\MPEforVS2019\MPE\MPE\functionDraw.h(496,54): warning C4244: “参数”: 从“double”转换到“int”，可能丢失数据
C:\Users\Zhao Yufeng\Documents\VSCode\C++\MPEforVS2019\MPE\MPE\functionDraw.h(499,64): warning C4244: “参数”: 从“double”转换到“int”，可能丢失数据
C:\Users\Zhao Yufeng\Documents\VSCode\C++\MPEforVS2019\MPE\MPE\functionDraw.h(502,119): warning C4244: “参数”: 从“double”转换到“int”，可能丢失数据
C:\Users\Zhao Yufeng\Documents\VSCode\C++\MPEforVS2019\MPE\MPE\functionDraw.h(502,82): warning C4244: “参数”: 从“double”转换到“int”，可能丢失数据
C:\Users\Zhao Yufeng\Documents\VSCode\C++\MPEforVS2019\MPE\MPE\functionDraw.h(502,54): warning C4244: “参数”: 从“double”转换到“int”，可能丢失数据
C:\Users\Zhao Yufeng\Documents\VSCode\C++\MPEforVS2019\MPE\MPE\functionDraw.h(502,17): warning C4244: “参数”: 从“double”转换到“int”，可能丢失数据
C:\Users\Zhao Yufeng\Documents\VSCode\C++\MPEforVS2019\MPE\MPE\functionDraw.h(505,69): warning C4244: “参数”: 从“double”转换到“int”，可能丢失数据
C:\Users\Zhao Yufeng\Documents\VSCode\C++\MPEforVS2019\MPE\MPE\linearAnalysis.h(48,20): warning C4018: “<”: 有符号/无符号不匹配
C:\Users\Zhao Yufeng\Documents\VSCode\C++\MPEforVS2019\MPE\MPE\smooth.h(47,20): warning C4018: “<”: 有符号/无符号不匹配
C:\Users\Zhao Yufeng\Documents\VSCode\C++\MPEforVS2019\MPE\MPE\smooth.h(48,21): warning C4018: “<”: 有符号/无符号不匹配
C:\Users\Zhao Yufeng\Documents\VSCode\C++\MPEforVS2019\MPE\MPE\smooth.h(57,20): warning C4018: “<”: 有符号/无符号不匹配
C:\Users\Zhao Yufeng\Documents\VSCode\C++\MPEforVS2019\MPE\MPE\smooth.h(59,18): warning C4018: “>”: 有符号/无符号不匹配
C:\Users\Zhao Yufeng\Documents\VSCode\C++\MPEforVS2019\MPE\MPE\smooth.h(71,20): warning C4018: “<”: 有符号/无符号不匹配
C:\Users\Zhao Yufeng\Documents\VSCode\C++\MPEforVS2019\MPE\MPE\smooth.h(81,21): warning C4018: “<”: 有符号/无符号不匹配
C:\Users\Zhao Yufeng\Documents\VSCode\C++\MPEforVS2019\MPE\MPE\expr.h(32,20): warning C4018: “<”: 有符号/无符号不匹配
C:\Users\Zhao Yufeng\Documents\VSCode\C++\MPEforVS2019\MPE\MPE\expr.h(45,16): warning C4018: “>=”: 有符号/无符号不匹配
C:\Users\Zhao Yufeng\Documents\VSCode\C++\MPEforVS2019\MPE\MPE\expr.h(54,21): warning C4018: “<”: 有符号/无符号不匹配
C:\Users\Zhao Yufeng\Documents\VSCode\C++\MPEforVS2019\MPE\MPE\expr.h(82,20): warning C4018: “<”: 有符号/无符号不匹配
C:\Users\Zhao Yufeng\Documents\VSCode\C++\MPEforVS2019\MPE\MPE\expr.h(95,16): warning C4018: “>=”: 有符号/无符号不匹配
C:\Users\Zhao Yufeng\Documents\VSCode\C++\MPEforVS2019\MPE\MPE\expr.h(104,21): warning C4018: “<”: 有符号/无符号不匹配
C:\Users\Zhao Yufeng\Documents\VSCode\C++\MPEforVS2019\MPE\MPE\expr.h(131,15): warning C4244: “初始化”: 从“double”转换到“int”，可能丢失数据
C:\Users\Zhao Yufeng\Documents\VSCode\C++\MPEforVS2019\MPE\MPE\expr.h(131,34): warning C4244: “初始化”: 从“double”转换到“int”，可能丢失数据
C:\Users\Zhao Yufeng\Documents\VSCode\C++\MPEforVS2019\MPE\MPE\expr.h(134,14): warning C4244: “=”: 从“double”转换到“int”，可能丢失数据
C:\Users\Zhao Yufeng\Documents\VSCode\C++\MPEforVS2019\MPE\MPE\expr.h(135,14): warning C4244: “=”: 从“double”转换到“int”，可能丢失数据
C:\Users\Zhao Yufeng\Documents\VSCode\C++\MPEforVS2019\MPE\MPE\expr.h(172,20): warning C4018: “<”: 有符号/无符号不匹配
C:\Users\Zhao Yufeng\Documents\VSCode\C++\MPEforVS2019\MPE\MPE\majorProcess.cpp(49,34): warning C4018: “<”: 有符号/无符号不匹配
  正在生成代码
  6 of 584 functions ( 1.0%) were compiled, the rest were copied from previous compilation.
    0 functions were new in current compilation
    3 functions had inline decision re-evaluated but remain unchanged
  已完成代码的生成
  MPE.vcxproj -> C:\Users\Zhao Yufeng\Documents\VSCode\C++\MPEforVS2019\MPE\Release\MPE.exe
